Jun 07, 2018 12:30:04,390 INFO  [com.myfcit.qbank.core.logs.QbankLogger] sun.reflect.NativeMethodAccessorImpl invoke0 (main) **Exceute Method*** ==> findChapterById
Jun 07, 2018 12:30:05,205 INFO  [com.myfcit.qbank.core.logs.QbankLogger] sun.reflect.NativeMethodAccessorImpl invoke0 (main) **Exceute Method*** ==> findByUsernameAndPassword
Jun 07, 2018 12:30:05,491 INFO  [com.myfcit.qbank.core.logs.QbankLogger] sun.reflect.NativeMethodAccessorImpl invoke0 (main) **Exceute Method*** ==> countAllClos
Jun 07, 2018 12:30:05,927 INFO  [com.myfcit.qbank.core.logs.QbankLogger] sun.reflect.NativeMethodAccessorImpl invoke0 (main) **Exceute Method*** ==> countAllClos
Jun 07, 2018 12:30:05,930 INFO  [com.myfcit.qbank.core.logs.QbankLogger] sun.reflect.NativeMethodAccessorImpl invoke0 (main) **Exceute Method*** ==> addClo
Jun 07, 2018 12:30:07,571 INFO  [com.myfcit.qbank.core.logs.QbankLogger] sun.reflect.NativeMethodAccessorImpl invoke0 (main) **Exceute Method*** ==> findCloById
Jun 07, 2018 12:30:07,574 INFO  [com.myfcit.qbank.core.logs.QbankLogger] sun.reflect.NativeMethodAccessorImpl invoke0 (main) **Exceute Method*** ==> updateClo
Jun 07, 2018 12:30:07,921 INFO  [com.myfcit.qbank.core.logs.QbankLogger] sun.reflect.NativeMethodAccessorImpl invoke0 (main) **Exceute Method*** ==> findAllLectures
Jun 07, 2018 12:30:08,014 INFO  [com.myfcit.qbank.core.logs.QbankLogger] sun.reflect.NativeMethodAccessorImpl invoke0 (main) **Exceute Method*** ==> findAllLectures
Jun 07, 2018 12:30:08,018 INFO  [com.myfcit.qbank.core.logs.QbankLogger] sun.reflect.NativeMethodAccessorImpl invoke0 (main) **Exceute Method*** ==> findAllLecturesCourses
Jun 07, 2018 12:30:08,214 INFO  [com.myfcit.qbank.core.logs.QbankLogger] sun.reflect.NativeMethodAccessorImpl invoke0 (main) **Exceute Method*** ==> findAllLecturesCourses
Jun 07, 2018 12:30:08,216 INFO  [com.myfcit.qbank.core.logs.QbankLogger] sun.reflect.NativeMethodAccessorImpl invoke0 (main) **Exceute Method*** ==> addCourse
Jun 07, 2018 12:30:08,422 INFO  [com.myfcit.qbank.core.logs.QbankLogger] sun.reflect.NativeMethodAccessorImpl invoke0 (main) **Exceute Method*** ==> findCourseById
Jun 07, 2018 12:30:08,424 INFO  [com.myfcit.qbank.core.logs.QbankLogger] sun.reflect.NativeMethodAccessorImpl invoke0 (main) **Exceute Method*** ==> deleteCourse
Jun 07, 2018 12:30:09,723 INFO  [com.myfcit.qbank.core.logs.QbankLogger] sun.reflect.NativeMethodAccessorImpl invoke0 (main) **Exceute Method*** ==> countAllClourses
Jun 07, 2018 12:31:17,356 INFO  [com.myfcit.qbank.core.logs.QbankLogger] sun.reflect.NativeMethodAccessorImpl invoke0 (main) **Exceute Method*** ==> findChapterById
Jun 07, 2018 12:31:17,445 INFO  [com.myfcit.qbank.core.logs.QbankLogger] sun.reflect.NativeMethodAccessorImpl invoke0 (main) **Exceute Method*** ==> findByUsernameAndPassword
Jun 07, 2018 12:31:17,482 INFO  [com.myfcit.qbank.core.logs.QbankLogger] sun.reflect.NativeMethodAccessorImpl invoke0 (main) **Exceute Method*** ==> countAllClos
Jun 07, 2018 12:31:17,503 INFO  [com.myfcit.qbank.core.logs.QbankLogger] sun.reflect.NativeMethodAccessorImpl invoke0 (main) **Exceute Method*** ==> countAllClos
Jun 07, 2018 12:31:17,530 INFO  [com.myfcit.qbank.core.logs.QbankLogger] sun.reflect.NativeMethodAccessorImpl invoke0 (main) **Exceute Method*** ==> addClo
Jun 07, 2018 12:31:17,949 INFO  [com.myfcit.qbank.core.logs.QbankLogger] sun.reflect.NativeMethodAccessorImpl invoke0 (main) **Exceute Method*** ==> findCloById
Jun 07, 2018 12:31:17,954 INFO  [com.myfcit.qbank.core.logs.QbankLogger] sun.reflect.NativeMethodAccessorImpl invoke0 (main) **Exceute Method*** ==> updateClo
Jun 07, 2018 12:31:17,964 INFO  [com.myfcit.qbank.core.logs.QbankLogger] sun.reflect.NativeMethodAccessorImpl invoke0 (main) **Exceute Method*** ==> findAllLectures
Jun 07, 2018 12:31:18,022 INFO  [com.myfcit.qbank.core.logs.QbankLogger] sun.reflect.NativeMethodAccessorImpl invoke0 (main) **Exceute Method*** ==> findAllLectures
Jun 07, 2018 12:31:18,032 INFO  [com.myfcit.qbank.core.logs.QbankLogger] sun.reflect.NativeMethodAccessorImpl invoke0 (main) **Exceute Method*** ==> findAllLecturesCourses
Jun 07, 2018 12:31:18,039 INFO  [com.myfcit.qbank.core.logs.QbankLogger] sun.reflect.NativeMethodAccessorImpl invoke0 (main) **Exceute Method*** ==> findAllLecturesCourses
Jun 07, 2018 12:31:18,131 INFO  [com.myfcit.qbank.core.logs.QbankLogger] sun.reflect.NativeMethodAccessorImpl invoke0 (main) **Exceute Method*** ==> addCourse
Jun 07, 2018 12:31:18,499 INFO  [com.myfcit.qbank.core.logs.QbankLogger] sun.reflect.NativeMethodAccessorImpl invoke0 (main) **Exceute Method*** ==> findCourseById
Jun 07, 2018 12:31:18,501 INFO  [com.myfcit.qbank.core.logs.QbankLogger] sun.reflect.NativeMethodAccessorImpl invoke0 (main) **Exceute Method*** ==> deleteCourse
Jun 07, 2018 12:31:18,505 ERROR [com.myfcit.qbank.core.logs.QbankLogger] sun.reflect.NativeMethodAccessorImpl invoke0 (main) java.lang.IllegalArgumentException: Object: null is not a known entity type.
Jun 07, 2018 12:31:18,506 ERROR [com.myfcit.qbank.core.logs.QbankLogger] sun.reflect.NativeMethodAccessorImpl invoke0 (main) Error During Exceuting
java.lang.reflect.InvocationTargetException
	at sun.reflect.NativeMethodAccessorImpl.invoke0(Native Method)
	at sun.reflect.NativeMethodAccessorImpl.invoke(NativeMethodAccessorImpl.java:62)
	at sun.reflect.DelegatingMethodAccessorImpl.invoke(DelegatingMethodAccessorImpl.java:43)
	at java.lang.reflect.Method.invoke(Method.java:498)
	at com.myfcit.qbank.core.proxy.QBankServiceProxy.invoke(QBankServiceProxy.java:48)
	at com.sun.proxy.$Proxy0.deleteCourse(Unknown Source)
	at com.myfcit.qbank.core.utils.Tester.main(Tester.java:78)
Caused by: com.myfcit.qbank.core.exceptions.QbankException: Object: null is not a known entity type.
	at com.myfcit.qbank.core.daos.BaseDao.remove(BaseDao.java:62)
	at com.myfcit.qbank.core.services.BaseService.remove(BaseService.java:33)
	at com.myfcit.qbank.core.proxy.QBankServiceProxyImpl.deleteCourse(QBankServiceProxyImpl.java:126)
	... 7 more
Caused by: java.lang.IllegalArgumentException: Object: null is not a known entity type.
	at org.eclipse.persistence.internal.jpa.EntityManagerImpl.mergeInternal(EntityManagerImpl.java:537)
	at org.eclipse.persistence.internal.jpa.EntityManagerImpl.merge(EntityManagerImpl.java:519)
	at com.myfcit.qbank.core.daos.BaseDao.remove(BaseDao.java:59)
	... 9 more
